[INFO] Scanning for projects...
[INFO] 
[INFO] -----------------< com.amiti:personal-finance-service >-----------------
[INFO] Building personal-finance-service 0.0.1-SNAPSHOT
[INFO]   from pom.xml
[INFO] --------------------------------[ jar ]---------------------------------
[INFO] 
[INFO] >>> spring-boot:3.2.5:run (default-cli) > test-compile @ personal-finance-service >>>
[INFO] 
[INFO] --- resources:3.3.1:resources (default-resources) @ personal-finance-service ---
[INFO] Copying 1 resource from src\main\resources to target\classes
[INFO] Copying 1 resource from src\main\resources to target\classes
[INFO] 
[INFO] --- compiler:3.11.0:compile (default-compile) @ personal-finance-service ---
[INFO] Nothing to compile - all classes are up to date
[INFO] 
[INFO] --- resources:3.3.1:testResources (default-testResources) @ personal-finance-service ---
[INFO] Copying 2 resources from src\test\resources to target\test-classes
[INFO] 
[INFO] --- compiler:3.11.0:testCompile (default-testCompile) @ personal-finance-service ---
[INFO] Nothing to compile - all classes are up to date
[INFO] 
[INFO] <<< spring-boot:3.2.5:run (default-cli) < test-compile @ personal-finance-service <<<
[INFO] 
[INFO] 
[INFO] --- spring-boot:3.2.5:run (default-cli) @ personal-finance-service ---
[INFO] Attaching agents: []

  .   ____          _            __ _ _
 /\\ / ___'_ __ _ _(_)_ __  __ _ \ \ \ \
( ( )\___ | '_ | '_| | '_ \/ _` | \ \ \ \
 \\/  ___)| |_)| | | | | || (_| |  ) ) ) )
  '  |____| .__|_| |_|_| |_\__, | / / / /
 =========|_|==============|___/=/_/_/_/
 :: Spring Boot ::                (v3.2.5)

2026-03-23T17:35:31.511+05:30  INFO 16976 --- [personal-finance-service] [           main] c.a.f.PersonalFinanceServiceApplication  : Starting PersonalFinanceServiceApplication using Java 17.0.10 with PID 16976 (D:\Amiti_project\amiti_micro_service\target\classes started by preri in D:\Amiti_project\amiti_micro_service)
2026-03-23T17:35:31.514+05:30  INFO 16976 --- [personal-finance-service] [           main] c.a.f.PersonalFinanceServiceApplication  : The following 1 profile is active: "test"
2026-03-23T17:35:31.515+05:30 DEBUG 16976 --- [personal-finance-service] [           main] o.s.boot.SpringApplication               : Loading source class com.amiti.finance.PersonalFinanceServiceApplication
2026-03-23T17:35:31.591+05:30 DEBUG 16976 --- [personal-finance-service] [           main] ConfigServletWebServerApplicationContext : Refreshing org.springframework.boot.web.servlet.context.AnnotationConfigServletWebServerApplicationContext@ae3540e
2026-03-23T17:35:33.164+05:30  INFO 16976 --- [personal-finance-service] [           main] .s.d.r.c.RepositoryConfigurationDelegate : Bootstrapping Spring Data JPA repositories in DEFAULT mode.
2026-03-23T17:35:33.190+05:30 DEBUG 16976 --- [personal-finance-service] [           main] o.s.b.a.AutoConfigurationPackages        : @EnableAutoConfiguration was declared on a class in the package 'com.amiti.finance'. Automatic @Repository and @Entity scanning is enabled.
2026-03-23T17:35:33.310+05:30  INFO 16976 --- [personal-finance-service] [           main] .s.d.r.c.RepositoryConfigurationDelegate : Finished Spring Data repository scanning in 132 ms. Found 10 JPA repository interfaces.
2026-03-23T17:35:34.466+05:30 DEBUG 16976 --- [personal-finance-service] [           main] .s.b.w.e.t.TomcatServletWebServerFactory : Code archive: C:\Users\preri\.m2\repository\org\springframework\boot\spring-boot\3.2.5\spring-boot-3.2.5.jar
2026-03-23T17:35:34.466+05:30 DEBUG 16976 --- [personal-finance-service] [           main] .s.b.w.e.t.TomcatServletWebServerFactory : Code archive: C:\Users\preri\.m2\repository\org\springframework\boot\spring-boot\3.2.5\spring-boot-3.2.5.jar
2026-03-23T17:35:34.467+05:30 DEBUG 16976 --- [personal-finance-service] [           main] .s.b.w.e.t.TomcatServletWebServerFactory : None of the document roots [src/main/webapp, public, static] point to a directory and will be ignored.
2026-03-23T17:35:34.495+05:30  INFO 16976 --- [personal-finance-service] [           main] o.s.b.w.embedded.tomcat.TomcatWebServer  : Tomcat initialized with port 8080 (http)
2026-03-23T17:35:34.512+05:30  INFO 16976 --- [personal-finance-service] [           main] o.apache.catalina.core.StandardService   : Starting service [Tomcat]
2026-03-23T17:35:34.513+05:30  INFO 16976 --- [personal-finance-service] [           main] o.apache.catalina.core.StandardEngine    : Starting Servlet engine: [Apache Tomcat/10.1.20]
2026-03-23T17:35:34.611+05:30  INFO 16976 --- [personal-finance-service] [           main] o.a.c.c.C.[Tomcat].[localhost].[/]       : Initializing Spring embedded WebApplicationContext
2026-03-23T17:35:34.612+05:30 DEBUG 16976 --- [personal-finance-service] [           main] w.s.c.ServletWebServerApplicationContext : Published root WebApplicationContext as ServletContext attribute with name [org.springframework.web.context.WebApplicationContext.ROOT]
2026-03-23T17:35:34.612+05:30  INFO 16976 --- [personal-finance-service] [           main] w.s.c.ServletWebServerApplicationContext : Root WebApplicationContext: initialization completed in 3021 ms
2026-03-23T17:35:34.830+05:30 DEBUG 16976 --- [personal-finance-service] [           main] o.s.b.w.s.ServletContextInitializerBeans : Mapping filters: webMvcObservationFilter urls=[/*] order=-2147483647, springSecurityFilterChain urls=[/*] order=-100, characterEncodingFilter urls=[/*] order=-2147483648, formContentFilter urls=[/*] order=-9900, requestContextFilter urls=[/*] order=-105, jwtAuthenticationFilter urls=[/*] order=2147483647, loginRateLimitFilter urls=[/*] order=2147483647
2026-03-23T17:35:34.830+05:30 DEBUG 16976 --- [personal-finance-service] [           main] o.s.b.w.s.ServletContextInitializerBeans : Mapping servlets: dispatcherServlet urls=[/]
2026-03-23T17:35:34.863+05:30 DEBUG 16976 --- [personal-finance-service] [           main] o.s.b.w.s.f.OrderedRequestContextFilter  : Filter 'requestContextFilter' configured for use
2026-03-23T17:35:34.868+05:30 DEBUG 16976 --- [personal-finance-service] [           main] o.s.w.f.ServerHttpObservationFilter      : Filter 'webMvcObservationFilter' configured for use
2026-03-23T17:35:34.869+05:30 DEBUG 16976 --- [personal-finance-service] [           main] s.b.w.s.f.OrderedCharacterEncodingFilter : Filter 'characterEncodingFilter' configured for use
2026-03-23T17:35:34.869+05:30 DEBUG 16976 --- [personal-finance-service] [           main] .DelegatingFilterProxyRegistrationBean$1 : Filter 'springSecurityFilterChain' configured for use
2026-03-23T17:35:34.870+05:30 DEBUG 16976 --- [personal-finance-service] [           main] o.s.b.w.s.f.OrderedFormContentFilter     : Filter 'formContentFilter' configured for use
2026-03-23T17:35:35.007+05:30  INFO 16976 --- [personal-finance-service] [           main] com.zaxxer.hikari.HikariDataSource       : HikariPool-1 - Starting...
